<?xml version="1.0" encoding="UTF-8"?>
<!-- Generated by org.testng.reporters.JUnitXMLReporter -->
<testsuite ignored="3" hostname="DESKTOP-QRJIP05" failures="1" tests="6" name="Surefire test" time="191.505" errors="0" timestamp="2025-02-05T18:16:15 IST">
  <testcase classname="runner_Execution.Exceution" name="testCase3" time="2.961"/>
  <testcase classname="runner_Execution.Exceution" name="testCase5" time="42.796"/>
  <testcase classname="runner_Execution.Exceution" name="testCase5" time="9.986">
    <failure type="org.openqa.selenium.StaleElementReferenceException" message="The element with the reference 0d23a1c3-9a18-4315-a602-00a5f2b0bde9 is stale; either its node document is not the active document, or it is no longer connected to the DOM
For documentation on this error, please visit: https://www.selenium.dev/documentation/webdriver/troubleshooting/errors#stale-element-reference-exception
Build info: version: &amp;apos;4.26.0&amp;apos;, revision: &amp;apos;8ccf0219d7&amp;apos;
System info: os.name: &amp;apos;Windows 10&amp;apos;, os.arch: &amp;apos;amd64&amp;apos;, os.version: &amp;apos;10.0&amp;apos;, java.version: &amp;apos;21.0.5&amp;apos;
Driver info: org.openqa.selenium.firefox.FirefoxDriver
Command: [8cdea50e-4b51-4570-85cf-afd30c1474be, isElementDisplayed {id=0d23a1c3-9a18-4315-a602-00a5f2b0bde9}]
Capabilities {acceptInsecureCerts: true, browserName: firefox, browserVersion: 135.0, moz:accessibilityChecks: false, moz:buildID: 20250130195129, moz:debuggerAddress: 127.0.0.1:1932, moz:geckodriverVersion: 0.35.0, moz:headless: false, moz:platformVersion: 10.0, moz:processID: 8452, moz:profile: C:\Users\User\AppData\Local..., moz:shutdownTimeout: 60000, moz:webdriverClick: true, moz:windowless: false, pageLoadStrategy: normal, platformName: windows, proxy: Proxy(), se:cdp: ws://127.0.0.1:1932/devtool..., se:cdpVersion: 85.0, setWindowRect: true, strictFileInteractability: false, timeouts: {implicit: 0, pageLoad: 300000, script: 30000}, unhandledPromptBehavior: dismiss and notify, userAgent: Mozilla/5.0 (Windows NT 10....}
Element: [[FirefoxDriver: firefox on windows (8cdea50e-4b51-4570-85cf-afd30c1474be)] -&amp;gt; xpath:     //h2[@id=&amp;apos;swal2-title&amp;apos; and text()=&amp;apos;Loading the Report Card...&amp;apos;]]
Session ID: 8cdea50e-4b51-4570-85cf-afd30c1474be">
      <![CDATA[org.openqa.selenium.StaleElementReferenceException: The element with the reference 0d23a1c3-9a18-4315-a602-00a5f2b0bde9 is stale; either its node document is not the active document, or it is no longer connected to the DOM
For documentation on this error, please visit: https://www.selenium.dev/documentation/webdriver/troubleshooting/errors#stale-element-reference-exception
Build info: version: '4.26.0', revision: '8ccf0219d7'
System info: os.name: 'Windows 10', os.arch: 'amd64', os.version: '10.0', java.version: '21.0.5'
Driver info: org.openqa.selenium.firefox.FirefoxDriver
Command: [8cdea50e-4b51-4570-85cf-afd30c1474be, isElementDisplayed {id=0d23a1c3-9a18-4315-a602-00a5f2b0bde9}]
Capabilities {acceptInsecureCerts: true, browserName: firefox, browserVersion: 135.0, moz:accessibilityChecks: false, moz:buildID: 20250130195129, moz:debuggerAddress: 127.0.0.1:1932, moz:geckodriverVersion: 0.35.0, moz:headless: false, moz:platformVersion: 10.0, moz:processID: 8452, moz:profile: C:\Users\User\AppData\Local..., moz:shutdownTimeout: 60000, moz:webdriverClick: true, moz:windowless: false, pageLoadStrategy: normal, platformName: windows, proxy: Proxy(), se:cdp: ws://127.0.0.1:1932/devtool..., se:cdpVersion: 85.0, setWindowRect: true, strictFileInteractability: false, timeouts: {implicit: 0, pageLoad: 300000, script: 30000}, unhandledPromptBehavior: dismiss and notify, userAgent: Mozilla/5.0 (Windows NT 10....}
Element: [[FirefoxDriver: firefox on windows (8cdea50e-4b51-4570-85cf-afd30c1474be)] -> xpath:     //h2[@id='swal2-title' and text()='Loading the Report Card...']]
Session ID: 8cdea50e-4b51-4570-85cf-afd30c1474be
at org.openqa.selenium.remote.ErrorCodec.decode(ErrorCodec.java:167)
at org.openqa.selenium.remote.codec.w3c.W3CHttpResponseCodec.decode(W3CHttpResponseCodec.java:138)
at org.openqa.selenium.remote.codec.w3c.W3CHttpResponseCodec.decode(W3CHttpResponseCodec.java:50)
at org.openqa.selenium.remote.HttpCommandExecutor.execute(HttpCommandExecutor.java:190)
at org.openqa.selenium.remote.service.DriverCommandExecutor.invokeExecute(DriverCommandExecutor.java:216)
at org.openqa.selenium.remote.service.DriverCommandExecutor.execute(DriverCommandExecutor.java:174)
at org.openqa.selenium.remote.RemoteWebDriver.execute(RemoteWebDriver.java:545)
at org.openqa.selenium.remote.RemoteWebElement.execute(RemoteWebElement.java:223)
at org.openqa.selenium.remote.RemoteWebElement.isDisplayed(RemoteWebElement.java:282)
at org.openqa.selenium.support.pagefactory.internal.LocatingElementHandler.invoke(LocatingElementHandler.java:51)
at jdk.proxy2/jdk.proxy2.$Proxy18.isDisplayed(Unknown Source)
at base.BasicFunctions$2.apply(BasicFunctions.java:67)
at base.BasicFunctions$2.apply(BasicFunctions.java:1)
at org.openqa.selenium.support.ui.FluentWait.until(FluentWait.java:203)
at base.BasicFunctions.explicitWait(BasicFunctions.java:65)
at pageModules.ReportEnrollmentPage.submitButton(ReportEnrollmentPage.java:354)
at runner_Execution.Exceution.testCase5(Exceution.java:280)
at java.base/java.util.ArrayList.forEach(ArrayList.java:1596)
... Removed 35 stack frames]]>
    </failure>
  </testcase> <!-- testCase5 -->
  <testcase classname="runner_Execution.Exceution" name="testCase5" time="52.72"/>
  <testcase classname="runner_Execution.Exceution" name="testCase5" time="47.663"/>
  <testcase classname="runner_Execution.Exceution" name="testCase5" time="34.213"/>
  <testcase classname="runner_Execution.Exceution" name="testCase1" time="0.0">
    <ignored/>
  </testcase> <!-- testCase1 -->
  <testcase classname="runner_Execution.Exceution" name="testCase2" time="0.0">
    <ignored/>
  </testcase> <!-- testCase2 -->
  <testcase classname="runner_Execution.Exceution" name="testCase4" time="0.0">
    <ignored/>
  </testcase> <!-- testCase4 -->
</testsuite> <!-- Surefire test -->
